<?xml version="1.0" encoding="UTF-8"?>
<testsuite xmlns:xsi="http://www.w3.org/2001/XMLSchema-instance" xsi:noNamespaceSchemaLocation="https://maven.apache.org/surefire/maven-surefire-plugin/xsd/surefire-test-report.xsd" version="3.0.2" name="com.example.mcpserver.McpServerApplicationTests" time="3.592" tests="1" errors="0" skipped="0" failures="0">
  <properties>
    <property name="socksProxyHost" value="127.0.0.1"/>
    <property name="http.proxyHost" value="127.0.0.1"/>
    <property name="java.specification.version" value="17"/>
    <property name="sun.jnu.encoding" value="UTF-8"/>
    <property name="java.class.path" value="/Users/yk/gitHub/java/mcp-server/target/test-classes:/Users/yk/gitHub/java/mcp-server/target/classes:/Users/yk/.m2/repository/org/springframework/ai/spring-ai-starter-mcp-server/1.0.0/spring-ai-starter-mcp-server-1.0.0.jar:/Users/yk/.m2/repository/org/springframework/boot/spring-boot-starter/3.4.6/spring-boot-starter-3.4.6.jar:/Users/yk/.m2/repository/org/springframework/boot/spring-boot/3.4.6/spring-boot-3.4.6.jar:/Users/yk/.m2/repository/org/springframework/spring-context/6.2.7/spring-context-6.2.7.jar:/Users/yk/.m2/repository/org/springframework/spring-aop/6.2.7/spring-aop-6.2.7.jar:/Users/yk/.m2/repository/org/springframework/spring-beans/6.2.7/spring-beans-6.2.7.jar:/Users/yk/.m2/repository/org/springframework/spring-expression/6.2.7/spring-expression-6.2.7.jar:/Users/yk/.m2/repository/org/springframework/boot/spring-boot-autoconfigure/3.4.6/spring-boot-autoconfigure-3.4.6.jar:/Users/yk/.m2/repository/org/springframework/boot/spring-boot-starter-logging/3.4.6/spring-boot-starter-logging-3.4.6.jar:/Users/yk/.m2/repository/ch/qos/logback/logback-classic/1.5.18/logback-classic-1.5.18.jar:/Users/yk/.m2/repository/ch/qos/logback/logback-core/1.5.18/logback-core-1.5.18.jar:/Users/yk/.m2/repository/org/apache/logging/log4j/log4j-to-slf4j/2.24.3/log4j-to-slf4j-2.24.3.jar:/Users/yk/.m2/repository/org/apache/logging/log4j/log4j-api/2.24.3/log4j-api-2.24.3.jar:/Users/yk/.m2/repository/org/slf4j/jul-to-slf4j/2.0.17/jul-to-slf4j-2.0.17.jar:/Users/yk/.m2/repository/jakarta/annotation/jakarta.annotation-api/2.1.1/jakarta.annotation-api-2.1.1.jar:/Users/yk/.m2/repository/org/yaml/snakeyaml/2.3/snakeyaml-2.3.jar:/Users/yk/.m2/repository/org/springframework/ai/spring-ai-autoconfigure-mcp-server/1.0.0/spring-ai-autoconfigure-mcp-server-1.0.0.jar:/Users/yk/.m2/repository/org/springframework/ai/spring-ai-mcp/1.0.0/spring-ai-mcp-1.0.0.jar:/Users/yk/.m2/repository/io/modelcontextprotocol/sdk/mcp/0.10.0/mcp-0.10.0.jar:/Users/yk/.m2/repository/com/fasterxml/jackson/core/jackson-databind/2.18.4/jackson-databind-2.18.4.jar:/Users/yk/.m2/repository/com/fasterxml/jackson/core/jackson-annotations/2.18.4/jackson-annotations-2.18.4.jar:/Users/yk/.m2/repository/com/fasterxml/jackson/core/jackson-core/2.18.4/jackson-core-2.18.4.jar:/Users/yk/.m2/repository/io/projectreactor/reactor-core/3.7.6/reactor-core-3.7.6.jar:/Users/yk/.m2/repository/org/reactivestreams/reactive-streams/1.0.4/reactive-streams-1.0.4.jar:/Users/yk/.m2/repository/org/springframework/ai/spring-ai-model/1.0.0/spring-ai-model-1.0.0.jar:/Users/yk/.m2/repository/org/springframework/ai/spring-ai-commons/1.0.0/spring-ai-commons-1.0.0.jar:/Users/yk/.m2/repository/io/micrometer/micrometer-core/1.14.7/micrometer-core-1.14.7.jar:/Users/yk/.m2/repository/org/hdrhistogram/HdrHistogram/2.2.2/HdrHistogram-2.2.2.jar:/Users/yk/.m2/repository/org/latencyutils/LatencyUtils/2.0.3/LatencyUtils-2.0.3.jar:/Users/yk/.m2/repository/io/micrometer/context-propagation/1.1.3/context-propagation-1.1.3.jar:/Users/yk/.m2/repository/com/fasterxml/jackson/module/jackson-module-jsonSchema/2.18.4/jackson-module-jsonSchema-2.18.4.jar:/Users/yk/.m2/repository/javax/validation/validation-api/1.1.0.Final/validation-api-1.1.0.Final.jar:/Users/yk/.m2/repository/com/knuddels/jtokkit/1.1.0/jtokkit-1.1.0.jar:/Users/yk/.m2/repository/org/springframework/ai/spring-ai-template-st/1.0.0/spring-ai-template-st-1.0.0.jar:/Users/yk/.m2/repository/org/antlr/ST4/4.3.4/ST4-4.3.4.jar:/Users/yk/.m2/repository/org/antlr/antlr-runtime/3.5.3/antlr-runtime-3.5.3.jar:/Users/yk/.m2/repository/io/micrometer/micrometer-observation/1.14.7/micrometer-observation-1.14.7.jar:/Users/yk/.m2/repository/io/micrometer/micrometer-commons/1.14.7/micrometer-commons-1.14.7.jar:/Users/yk/.m2/repository/org/springframework/spring-messaging/6.2.7/spring-messaging-6.2.7.jar:/Users/yk/.m2/repository/org/antlr/antlr4-runtime/4.13.1/antlr4-runtime-4.13.1.jar:/Users/yk/.m2/repository/com/github/victools/jsonschema-generator/4.37.0/jsonschema-generator-4.37.0.jar:/Users/yk/.m2/repository/com/fasterxml/classmate/1.7.0/classmate-1.7.0.jar:/Users/yk/.m2/repository/com/github/victools/jsonschema-module-jackson/4.37.0/jsonschema-module-jackson-4.37.0.jar:/Users/yk/.m2/repository/com/fasterxml/jackson/datatype/jackson-datatype-jsr310/2.18.4/jackson-datatype-jsr310-2.18.4.jar:/Users/yk/.m2/repository/com/github/victools/jsonschema-module-swagger-2/4.37.0/jsonschema-module-swagger-2-4.37.0.jar:/Users/yk/.m2/repository/io/swagger/core/v3/swagger-annotations/2.2.25/swagger-annotations-2.2.25.jar:/Users/yk/.m2/repository/org/springframework/boot/spring-boot-starter-test/3.4.6/spring-boot-starter-test-3.4.6.jar:/Users/yk/.m2/repository/org/springframework/boot/spring-boot-test/3.4.6/spring-boot-test-3.4.6.jar:/Users/yk/.m2/repository/org/springframework/boot/spring-boot-test-autoconfigure/3.4.6/spring-boot-test-autoconfigure-3.4.6.jar:/Users/yk/.m2/repository/com/jayway/jsonpath/json-path/2.9.0/json-path-2.9.0.jar:/Users/yk/.m2/repository/org/slf4j/slf4j-api/2.0.17/slf4j-api-2.0.17.jar:/Users/yk/.m2/repository/jakarta/xml/bind/jakarta.xml.bind-api/4.0.2/jakarta.xml.bind-api-4.0.2.jar:/Users/yk/.m2/repository/jakarta/activation/jakarta.activation-api/2.1.3/jakarta.activation-api-2.1.3.jar:/Users/yk/.m2/repository/net/minidev/json-smart/2.5.2/json-smart-2.5.2.jar:/Users/yk/.m2/repository/net/minidev/accessors-smart/2.5.2/accessors-smart-2.5.2.jar:/Users/yk/.m2/repository/org/ow2/asm/asm/9.7.1/asm-9.7.1.jar:/Users/yk/.m2/repository/org/assertj/assertj-core/3.26.3/assertj-core-3.26.3.jar:/Users/yk/.m2/repository/net/bytebuddy/byte-buddy/1.15.11/byte-buddy-1.15.11.jar:/Users/yk/.m2/repository/org/awaitility/awaitility/4.2.2/awaitility-4.2.2.jar:/Users/yk/.m2/repository/org/hamcrest/hamcrest/2.2/hamcrest-2.2.jar:/Users/yk/.m2/repository/org/junit/jupiter/junit-jupiter/5.11.4/junit-jupiter-5.11.4.jar:/Users/yk/.m2/repository/org/junit/jupiter/junit-jupiter-api/5.11.4/junit-jupiter-api-5.11.4.jar:/Users/yk/.m2/repository/org/opentest4j/opentest4j/1.3.0/opentest4j-1.3.0.jar:/Users/yk/.m2/repository/org/junit/platform/junit-platform-commons/1.11.4/junit-platform-commons-1.11.4.jar:/Users/yk/.m2/repository/org/apiguardian/apiguardian-api/1.1.2/apiguardian-api-1.1.2.jar:/Users/yk/.m2/repository/org/junit/jupiter/junit-jupiter-params/5.11.4/junit-jupiter-params-5.11.4.jar:/Users/yk/.m2/repository/org/junit/jupiter/junit-jupiter-engine/5.11.4/junit-jupiter-engine-5.11.4.jar:/Users/yk/.m2/repository/org/junit/platform/junit-platform-engine/1.11.4/junit-platform-engine-1.11.4.jar:/Users/yk/.m2/repository/org/mockito/mockito-core/5.14.2/mockito-core-5.14.2.jar:/Users/yk/.m2/repository/net/bytebuddy/byte-buddy-agent/1.15.11/byte-buddy-agent-1.15.11.jar:/Users/yk/.m2/repository/org/objenesis/objenesis/3.3/objenesis-3.3.jar:/Users/yk/.m2/repository/org/mockito/mockito-junit-jupiter/5.14.2/mockito-junit-jupiter-5.14.2.jar:/Users/yk/.m2/repository/org/skyscreamer/jsonassert/1.5.3/jsonassert-1.5.3.jar:/Users/yk/.m2/repository/com/vaadin/external/google/android-json/0.0.20131108.vaadin1/android-json-0.0.20131108.vaadin1.jar:/Users/yk/.m2/repository/org/springframework/spring-core/6.2.7/spring-core-6.2.7.jar:/Users/yk/.m2/repository/org/springframework/spring-jcl/6.2.7/spring-jcl-6.2.7.jar:/Users/yk/.m2/repository/org/springframework/spring-test/6.2.7/spring-test-6.2.7.jar:/Users/yk/.m2/repository/org/xmlunit/xmlunit-core/2.10.1/xmlunit-core-2.10.1.jar:"/>
    <property name="https.proxyPort" value="7890"/>
    <property name="java.vm.vendor" value="Amazon.com Inc."/>
    <property name="sun.arch.data.model" value="64"/>
    <property name="java.vendor.url" value="https://aws.amazon.com/corretto/"/>
    <property name="user.timezone" value="Asia/Shanghai"/>
    <property name="os.name" value="Mac OS X"/>
    <property name="java.vm.specification.version" value="17"/>
    <property name="APPLICATION_NAME" value="mcp-server"/>
    <property name="sun.java.launcher" value="SUN_STANDARD"/>
    <property name="user.country" value="CN"/>
    <property name="sun.boot.library.path" value="/Users/yk/Library/Java/JavaVirtualMachines/corretto-17.0.6/Contents/Home/lib"/>
    <property name="sun.java.command" value="/Users/yk/gitHub/java/mcp-server/target/surefire/surefirebooter-20250603223535826_3.jar /Users/yk/gitHub/java/mcp-server/target/surefire 2025-06-03T22-35-30_892-jvmRun1 surefire-20250603223535826_1tmp surefire_0-20250603223535826_2tmp"/>
    <property name="http.nonProxyHosts" value="192.168.0.0/16|*.192.168.0.0/16|10.0.0.0/8|*.10.0.0.0/8|172.16.0.0/12|*.172.16.0.0/12|127.0.0.1|localhost|*.localhost|local|*.local|timestamp.apple.com|*.timestamp.apple.com|sequoia.apple.com|*.sequoia.apple.com|seed-sequoia.siri.apple.com|*.seed-sequoia.siri.apple.com"/>
    <property name="jdk.debug" value="release"/>
    <property name="surefire.test.class.path" value="/Users/yk/gitHub/java/mcp-server/target/test-classes:/Users/yk/gitHub/java/mcp-server/target/classes:/Users/yk/.m2/repository/org/springframework/ai/spring-ai-starter-mcp-server/1.0.0/spring-ai-starter-mcp-server-1.0.0.jar:/Users/yk/.m2/repository/org/springframework/boot/spring-boot-starter/3.4.6/spring-boot-starter-3.4.6.jar:/Users/yk/.m2/repository/org/springframework/boot/spring-boot/3.4.6/spring-boot-3.4.6.jar:/Users/yk/.m2/repository/org/springframework/spring-context/6.2.7/spring-context-6.2.7.jar:/Users/yk/.m2/repository/org/springframework/spring-aop/6.2.7/spring-aop-6.2.7.jar:/Users/yk/.m2/repository/org/springframework/spring-beans/6.2.7/spring-beans-6.2.7.jar:/Users/yk/.m2/repository/org/springframework/spring-expression/6.2.7/spring-expression-6.2.7.jar:/Users/yk/.m2/repository/org/springframework/boot/spring-boot-autoconfigure/3.4.6/spring-boot-autoconfigure-3.4.6.jar:/Users/yk/.m2/repository/org/springframework/boot/spring-boot-starter-logging/3.4.6/spring-boot-starter-logging-3.4.6.jar:/Users/yk/.m2/repository/ch/qos/logback/logback-classic/1.5.18/logback-classic-1.5.18.jar:/Users/yk/.m2/repository/ch/qos/logback/logback-core/1.5.18/logback-core-1.5.18.jar:/Users/yk/.m2/repository/org/apache/logging/log4j/log4j-to-slf4j/2.24.3/log4j-to-slf4j-2.24.3.jar:/Users/yk/.m2/repository/org/apache/logging/log4j/log4j-api/2.24.3/log4j-api-2.24.3.jar:/Users/yk/.m2/repository/org/slf4j/jul-to-slf4j/2.0.17/jul-to-slf4j-2.0.17.jar:/Users/yk/.m2/repository/jakarta/annotation/jakarta.annotation-api/2.1.1/jakarta.annotation-api-2.1.1.jar:/Users/yk/.m2/repository/org/yaml/snakeyaml/2.3/snakeyaml-2.3.jar:/Users/yk/.m2/repository/org/springframework/ai/spring-ai-autoconfigure-mcp-server/1.0.0/spring-ai-autoconfigure-mcp-server-1.0.0.jar:/Users/yk/.m2/repository/org/springframework/ai/spring-ai-mcp/1.0.0/spring-ai-mcp-1.0.0.jar:/Users/yk/.m2/repository/io/modelcontextprotocol/sdk/mcp/0.10.0/mcp-0.10.0.jar:/Users/yk/.m2/repository/com/fasterxml/jackson/core/jackson-databind/2.18.4/jackson-databind-2.18.4.jar:/Users/yk/.m2/repository/com/fasterxml/jackson/core/jackson-annotations/2.18.4/jackson-annotations-2.18.4.jar:/Users/yk/.m2/repository/com/fasterxml/jackson/core/jackson-core/2.18.4/jackson-core-2.18.4.jar:/Users/yk/.m2/repository/io/projectreactor/reactor-core/3.7.6/reactor-core-3.7.6.jar:/Users/yk/.m2/repository/org/reactivestreams/reactive-streams/1.0.4/reactive-streams-1.0.4.jar:/Users/yk/.m2/repository/org/springframework/ai/spring-ai-model/1.0.0/spring-ai-model-1.0.0.jar:/Users/yk/.m2/repository/org/springframework/ai/spring-ai-commons/1.0.0/spring-ai-commons-1.0.0.jar:/Users/yk/.m2/repository/io/micrometer/micrometer-core/1.14.7/micrometer-core-1.14.7.jar:/Users/yk/.m2/repository/org/hdrhistogram/HdrHistogram/2.2.2/HdrHistogram-2.2.2.jar:/Users/yk/.m2/repository/org/latencyutils/LatencyUtils/2.0.3/LatencyUtils-2.0.3.jar:/Users/yk/.m2/repository/io/micrometer/context-propagation/1.1.3/context-propagation-1.1.3.jar:/Users/yk/.m2/repository/com/fasterxml/jackson/module/jackson-module-jsonSchema/2.18.4/jackson-module-jsonSchema-2.18.4.jar:/Users/yk/.m2/repository/javax/validation/validation-api/1.1.0.Final/validation-api-1.1.0.Final.jar:/Users/yk/.m2/repository/com/knuddels/jtokkit/1.1.0/jtokkit-1.1.0.jar:/Users/yk/.m2/repository/org/springframework/ai/spring-ai-template-st/1.0.0/spring-ai-template-st-1.0.0.jar:/Users/yk/.m2/repository/org/antlr/ST4/4.3.4/ST4-4.3.4.jar:/Users/yk/.m2/repository/org/antlr/antlr-runtime/3.5.3/antlr-runtime-3.5.3.jar:/Users/yk/.m2/repository/io/micrometer/micrometer-observation/1.14.7/micrometer-observation-1.14.7.jar:/Users/yk/.m2/repository/io/micrometer/micrometer-commons/1.14.7/micrometer-commons-1.14.7.jar:/Users/yk/.m2/repository/org/springframework/spring-messaging/6.2.7/spring-messaging-6.2.7.jar:/Users/yk/.m2/repository/org/antlr/antlr4-runtime/4.13.1/antlr4-runtime-4.13.1.jar:/Users/yk/.m2/repository/com/github/victools/jsonschema-generator/4.37.0/jsonschema-generator-4.37.0.jar:/Users/yk/.m2/repository/com/fasterxml/classmate/1.7.0/classmate-1.7.0.jar:/Users/yk/.m2/repository/com/github/victools/jsonschema-module-jackson/4.37.0/jsonschema-module-jackson-4.37.0.jar:/Users/yk/.m2/repository/com/fasterxml/jackson/datatype/jackson-datatype-jsr310/2.18.4/jackson-datatype-jsr310-2.18.4.jar:/Users/yk/.m2/repository/com/github/victools/jsonschema-module-swagger-2/4.37.0/jsonschema-module-swagger-2-4.37.0.jar:/Users/yk/.m2/repository/io/swagger/core/v3/swagger-annotations/2.2.25/swagger-annotations-2.2.25.jar:/Users/yk/.m2/repository/org/springframework/boot/spring-boot-starter-test/3.4.6/spring-boot-starter-test-3.4.6.jar:/Users/yk/.m2/repository/org/springframework/boot/spring-boot-test/3.4.6/spring-boot-test-3.4.6.jar:/Users/yk/.m2/repository/org/springframework/boot/spring-boot-test-autoconfigure/3.4.6/spring-boot-test-autoconfigure-3.4.6.jar:/Users/yk/.m2/repository/com/jayway/jsonpath/json-path/2.9.0/json-path-2.9.0.jar:/Users/yk/.m2/repository/org/slf4j/slf4j-api/2.0.17/slf4j-api-2.0.17.jar:/Users/yk/.m2/repository/jakarta/xml/bind/jakarta.xml.bind-api/4.0.2/jakarta.xml.bind-api-4.0.2.jar:/Users/yk/.m2/repository/jakarta/activation/jakarta.activation-api/2.1.3/jakarta.activation-api-2.1.3.jar:/Users/yk/.m2/repository/net/minidev/json-smart/2.5.2/json-smart-2.5.2.jar:/Users/yk/.m2/repository/net/minidev/accessors-smart/2.5.2/accessors-smart-2.5.2.jar:/Users/yk/.m2/repository/org/ow2/asm/asm/9.7.1/asm-9.7.1.jar:/Users/yk/.m2/repository/org/assertj/assertj-core/3.26.3/assertj-core-3.26.3.jar:/Users/yk/.m2/repository/net/bytebuddy/byte-buddy/1.15.11/byte-buddy-1.15.11.jar:/Users/yk/.m2/repository/org/awaitility/awaitility/4.2.2/awaitility-4.2.2.jar:/Users/yk/.m2/repository/org/hamcrest/hamcrest/2.2/hamcrest-2.2.jar:/Users/yk/.m2/repository/org/junit/jupiter/junit-jupiter/5.11.4/junit-jupiter-5.11.4.jar:/Users/yk/.m2/repository/org/junit/jupiter/junit-jupiter-api/5.11.4/junit-jupiter-api-5.11.4.jar:/Users/yk/.m2/repository/org/opentest4j/opentest4j/1.3.0/opentest4j-1.3.0.jar:/Users/yk/.m2/repository/org/junit/platform/junit-platform-commons/1.11.4/junit-platform-commons-1.11.4.jar:/Users/yk/.m2/repository/org/apiguardian/apiguardian-api/1.1.2/apiguardian-api-1.1.2.jar:/Users/yk/.m2/repository/org/junit/jupiter/junit-jupiter-params/5.11.4/junit-jupiter-params-5.11.4.jar:/Users/yk/.m2/repository/org/junit/jupiter/junit-jupiter-engine/5.11.4/junit-jupiter-engine-5.11.4.jar:/Users/yk/.m2/repository/org/junit/platform/junit-platform-engine/1.11.4/junit-platform-engine-1.11.4.jar:/Users/yk/.m2/repository/org/mockito/mockito-core/5.14.2/mockito-core-5.14.2.jar:/Users/yk/.m2/repository/net/bytebuddy/byte-buddy-agent/1.15.11/byte-buddy-agent-1.15.11.jar:/Users/yk/.m2/repository/org/objenesis/objenesis/3.3/objenesis-3.3.jar:/Users/yk/.m2/repository/org/mockito/mockito-junit-jupiter/5.14.2/mockito-junit-jupiter-5.14.2.jar:/Users/yk/.m2/repository/org/skyscreamer/jsonassert/1.5.3/jsonassert-1.5.3.jar:/Users/yk/.m2/repository/com/vaadin/external/google/android-json/0.0.20131108.vaadin1/android-json-0.0.20131108.vaadin1.jar:/Users/yk/.m2/repository/org/springframework/spring-core/6.2.7/spring-core-6.2.7.jar:/Users/yk/.m2/repository/org/springframework/spring-jcl/6.2.7/spring-jcl-6.2.7.jar:/Users/yk/.m2/repository/org/springframework/spring-test/6.2.7/spring-test-6.2.7.jar:/Users/yk/.m2/repository/org/xmlunit/xmlunit-core/2.10.1/xmlunit-core-2.10.1.jar:"/>
    <property name="sun.cpu.endian" value="little"/>
    <property name="user.home" value="/Users/yk"/>
    <property name="user.language" value="zh"/>
    <property name="java.specification.vendor" value="Oracle Corporation"/>
    <property name="java.version.date" value="2023-01-17"/>
    <property name="java.home" value="/Users/yk/Library/Java/JavaVirtualMachines/corretto-17.0.6/Contents/Home"/>
    <property name="file.separator" value="/"/>
    <property name="https.proxyHost" value="127.0.0.1"/>
    <property name="basedir" value="/Users/yk/gitHub/java/mcp-server"/>
    <property name="java.vm.compressedOopsMode" value="Zero based"/>
    <property name="line.separator" value="&#10;"/>
    <property name="java.vm.specification.vendor" value="Oracle Corporation"/>
    <property name="java.specification.name" value="Java Platform API Specification"/>
    <property name="FILE_LOG_CHARSET" value="UTF-8"/>
    <property name="java.awt.headless" value="true"/>
    <property name="surefire.real.class.path" value="/Users/yk/gitHub/java/mcp-server/target/surefire/surefirebooter-20250603223535826_3.jar"/>
    <property name="user.script" value="Hans"/>
    <property name="sun.management.compiler" value="HotSpot 64-Bit Tiered Compilers"/>
    <property name="ftp.nonProxyHosts" value="192.168.0.0/16|*.192.168.0.0/16|10.0.0.0/8|*.10.0.0.0/8|172.16.0.0/12|*.172.16.0.0/12|127.0.0.1|localhost|*.localhost|local|*.local|timestamp.apple.com|*.timestamp.apple.com|sequoia.apple.com|*.sequoia.apple.com|seed-sequoia.siri.apple.com|*.seed-sequoia.siri.apple.com"/>
    <property name="java.runtime.version" value="17.0.6+10-LTS"/>
    <property name="user.name" value="yk"/>
    <property name="path.separator" value=":"/>
    <property name="os.version" value="13.7.5"/>
    <property name="java.runtime.name" value="OpenJDK Runtime Environment"/>
    <property name="file.encoding" value="UTF-8"/>
    <property name="java.vm.name" value="OpenJDK 64-Bit Server VM"/>
    <property name="java.vendor.version" value="Corretto-17.0.6.10.1"/>
    <property name="localRepository" value="/Users/yk/.m2/repository"/>
    <property name="java.vendor.url.bug" value="https://github.com/corretto/corretto-17/issues/"/>
    <property name="java.io.tmpdir" value="/var/folders/5j/2mx1xm2j29d1zsld7fd_blth0000gn/T/"/>
    <property name="idea.version" value="2023.1"/>
    <property name="java.version" value="17.0.6"/>
    <property name="user.dir" value="/Users/yk/gitHub/java/mcp-server"/>
    <property name="os.arch" value="x86_64"/>
    <property name="socksProxyPort" value="7890"/>
    <property name="java.vm.specification.name" value="Java Virtual Machine Specification"/>
    <property name="PID" value="88748"/>
    <property name="CONSOLE_LOG_CHARSET" value="UTF-8"/>
    <property name="native.encoding" value="UTF-8"/>
    <property name="java.library.path" value="/Users/yk/Library/Java/Extensions:/Library/Java/Extensions:/Network/Library/Java/Extensions:/System/Library/Java/Extensions:/usr/lib/java:."/>
    <property name="java.vm.info" value="mixed mode, sharing"/>
    <property name="java.vendor" value="Amazon.com Inc."/>
    <property name="java.vm.version" value="17.0.6+10-LTS"/>
    <property name="sun.io.unicode.encoding" value="UnicodeBig"/>
    <property name="socksNonProxyHosts" value="192.168.0.0/16|*.192.168.0.0/16|10.0.0.0/8|*.10.0.0.0/8|172.16.0.0/12|*.172.16.0.0/12|127.0.0.1|localhost|*.localhost|local|*.local|timestamp.apple.com|*.timestamp.apple.com|sequoia.apple.com|*.sequoia.apple.com|seed-sequoia.siri.apple.com|*.seed-sequoia.siri.apple.com"/>
    <property name="java.class.version" value="61.0"/>
    <property name="CONSOLE_LOG_PATTERN" value=""/>
    <property name="LOGGED_APPLICATION_NAME" value="[mcp-server] "/>
    <property name="http.proxyPort" value="7890"/>
  </properties>
  <testcase name="contextLoads" classname="com.example.mcpserver.McpServerApplicationTests" time="0.736">
    <system-out><![CDATA[22:35:37.889 [main] INFO org.springframework.test.context.support.AnnotationConfigContextLoaderUtils -- Could not detect default configuration classes for test class [com.example.mcpserver.McpServerApplicationTests]: McpServerApplicationTests does not declare any static, non-private, non-final, nested classes annotated with @Configuration.
22:35:38.132 [main] INFO org.springframework.boot.test.context.SpringBootTestContextBootstrapper -- Found @SpringBootConfiguration com.example.mcpserver.McpServerApplication for test class com.example.mcpserver.McpServerApplicationTests
]]></system-out>
  </testcase>
</testsuite>